\BOOKMARK [1][-]{section.1}{\376\377\000S\000e\000t\000u\000p}{}% 1
\BOOKMARK [1][-]{section.2}{\376\377\000M\000o\000d\000e\000l\000s}{}% 2
\BOOKMARK [2][-]{subsection.2.1}{\376\377\000T\000e\000n\000s\000o\000r\000\040\000F\000a\000c\000t\000o\000r\000\040\000M\000o\000d\000e\000l\000\040\000\050\000A\000p\000p\000r\000o\000x\000i\000m\000a\000t\000e\000\051}{section.2}% 3
\BOOKMARK [2][-]{subsection.2.2}{\376\377\000T\000e\000n\000s\000o\000r\000\040\000F\000a\000c\000t\000o\000r\000\040\000M\000o\000d\000e\000l\000\040\000\050\000P\000r\000e\000c\000i\000s\000e\000\051}{section.2}% 4
\BOOKMARK [2][-]{subsection.2.3}{\376\377\000M\000u\000l\000t\000i\000h\000o\000r\000i\000z\000o\000n\000\040\000P\000C\000A}{section.2}% 5
\BOOKMARK [2][-]{subsection.2.4}{\376\377\000M\000u\000l\000t\000i\000h\000o\000r\000i\000z\000o\000n\000\040\000M\000o\000d\000e\000l\000-\000F\000r\000e\000e}{section.2}% 6
\BOOKMARK [1][-]{section.3}{\376\377\000F\000u\000r\000t\000h\000e\000r\000\040\000A\000n\000a\000l\000y\000s\000i\000s}{}% 7
\BOOKMARK [2][-]{subsection.3.1}{\376\377\000S\000D\000F\000\040\000w\000e\000i\000g\000h\000t\000s\000\040\000a\000s\000\040\000a\000\040\000f\000u\000n\000c\000t\000i\000o\000n\000\040\000o\000f\000\040\000h\000o\000r\000i\000z\000o\000n}{section.3}% 8
\BOOKMARK [2][-]{subsection.3.2}{\376\377\000S\000h\000a\000r\000p\000e\000\040\000R\000a\000t\000i\000o\000\040\000o\000f\000\040\000t\000h\000e\000\040\000S\000D\000F\000\040\000a\000s\000\040\000a\000\040\000f\000u\000n\000c\000t\000i\000o\000n\000\040\000o\000f\000\040\000h\000o\000r\000i\000z\000o\000n}{section.3}% 9
\BOOKMARK [1][-]{section.4}{\376\377\000C\000o\000l\000l\000e\000c\000t\000i\000o\000n\000\040\000o\000f\000\040\000R\000e\000s\000u\000l\000t\000s}{}% 10
\BOOKMARK [2][-]{subsection.4.1}{\376\377\000P\000r\000i\000m\000a\000r\000y\000\040\000S\000p\000e\000c\000i\000f\000i\000c\000a\000t\000i\000o\000n\000:\000\040\000F\000u\000l\000l\000-\000S\000a\000m\000p\000l\000e}{section.4}% 11
\BOOKMARK [3][-]{subsubsection.4.1.1}{\376\377\000F\000u\000l\000l\000-\000S\000a\000m\000p\000l\000e\000\040\000C\000h\000a\000r\000a\000c\000t\000e\000r\000i\000s\000t\000i\000c\000\040\000A\000n\000o\000m\000a\000l\000i\000e\000s\000\040\000D\000a\000t\000a\000s\000e\000t}{subsection.4.1}% 12
\BOOKMARK [3][-]{subsubsection.4.1.2}{\376\377\000F\000u\000l\000l\000-\000S\000a\000m\000p\000l\000e\000\040\000S\000C\000S\000\040\000D\000a\000t\000a\000s\000e\000t}{subsection.4.1}% 13
\BOOKMARK [3][-]{subsubsection.4.1.3}{\376\377\000F\000u\000l\000l\000-\000S\000a\000m\000p\000l\000e\000\040\000W\000R\000D\000S\000\040\000D\000a\000t\000a\000s\000e\000t}{subsection.4.1}% 14
\BOOKMARK [3][-]{subsubsection.4.1.4}{\376\377\000F\000u\000l\000l\000-\000S\000a\000m\000p\000l\000e\000\040\000F\000a\000m\000a\000\040\000F\000r\000e\000n\000c\000h\000\040\0005\000\040\000w\000i\000t\000h\000\040\000M\000o\000m\000e\000n\000t\000u\000m\000\040\000D\000a\000t\000a\000s\000e\000t}{subsection.4.1}% 15
\BOOKMARK [1][-]{section.5}{\376\377\000A\000p\000p\000e\000n\000d\000i\000x\000\040\000A}{}% 16
\BOOKMARK [2][-]{subsection.5.1}{\376\377\000P\000r\000i\000m\000a\000r\000y\000\040\000S\000p\000e\000c\000i\000f\000i\000c\000a\000t\000i\000o\000n\000:\000\040\000O\000O\000S\000\040\000R\000e\000s\000u\000l\000t\000s}{section.5}% 17
\BOOKMARK [3][-]{subsubsection.5.1.1}{\376\377\000P\000o\000s\000t\000-\0002\0000\0000\0005\000\040\000C\000h\000a\000r\000a\000c\000t\000e\000r\000i\000s\000t\000i\000c\000\040\000A\000n\000o\000m\000a\000l\000i\000e\000s\000\040\000D\000a\000t\000a\000s\000e\000t}{subsection.5.1}% 18
\BOOKMARK [3][-]{subsubsection.5.1.2}{\376\377\000P\000o\000s\000t\000-\0002\0000\0000\0005\000\040\000S\000C\000S\000\040\000D\000a\000t\000a\000s\000e\000t}{subsection.5.1}% 19
\BOOKMARK [3][-]{subsubsection.5.1.3}{\376\377\000P\000o\000s\000t\000-\0002\0000\0000\0005\000\040\000W\000R\000D\000S\000\040\000D\000a\000t\000a\000s\000e\000t}{subsection.5.1}% 20
\BOOKMARK [3][-]{subsubsection.5.1.4}{\376\377\000P\000o\000s\000t\000-\0002\0000\0000\0005\000\040\000F\000a\000m\000a\000\040\000F\000r\000e\000n\000c\000h\000\040\0005\000\040\000w\000i\000t\000h\000\040\000M\000o\000m\000e\000n\000t\000u\000m\000\040\000D\000a\000t\000a\000s\000e\000t}{subsection.5.1}% 21
\BOOKMARK [1][-]{section.6}{\376\377\000A\000p\000p\000e\000n\000d\000i\000x\000\040\000B}{}% 22
