\BOOKMARK [1][-]{section.1}{\376\377\000I\000n\000t\000r\000o\000d\000u\000c\000t\000i\000o\000n}{}% 1
\BOOKMARK [1][-]{section.2}{\376\377\000F\000r\000o\000m\000\040\0002\000D\000\040\000t\000o\000\040\0003\000D\000\040\000F\000a\000c\000t\000o\000r\000\040\000M\000o\000d\000e\000l\000s}{}% 2
\BOOKMARK [2][-]{subsection.2.1}{\376\377\000N\000o\000t\000a\000t\000i\000o\000n}{section.2}% 3
\BOOKMARK [2][-]{subsection.2.2}{\376\377\000T\000h\000e\000\040\000C\000P\000/\000P\000A\000R\000A\000F\000A\000C\000\040\000D\000e\000c\000o\000m\000p\000o\000s\000i\000t\000i\000o\000n}{section.2}% 4
\BOOKMARK [2][-]{subsection.2.3}{\376\377\000I\000n\000t\000e\000r\000p\000r\000e\000t\000a\000t\000i\000o\000n\000\040\000o\000f\000\040\000P\000A\000R\000A\000F\000A\000C}{section.2}% 5
\BOOKMARK [2][-]{subsection.2.4}{\376\377\000O\000t\000h\000e\000r\000\040\000D\000e\000c\000o\000m\000p\000o\000s\000i\000t\000i\000o\000n\000s}{section.2}% 6
\BOOKMARK [1][-]{section.3}{\376\377\000M\000e\000t\000h\000o\000d\000o\000l\000o\000g\000y}{}% 7
\BOOKMARK [1][-]{section.4}{\376\377\000A\000\040\000M\000u\000l\000t\000i\000-\000H\000o\000r\000i\000z\000o\000n\000\040\000P\000e\000r\000s\000p\000e\000c\000t\000i\000v\000e}{}% 8
\BOOKMARK [2][-]{subsection.4.1}{\376\377\000T\000h\000e\000\040\000\050\000I\000n\000t\000e\000r\000p\000r\000e\000t\000a\000b\000l\000e\000\051\000\040\000S\000i\000n\000g\000l\000e\000-\000C\000h\000a\000r\000a\000c\000t\000e\000r\000i\000s\000t\000i\000c\000\040\000T\000e\000n\000s\000o\000r\000\040\000F\000a\000c\000t\000o\000r\000\040\000M\000o\000d\000e\000l}{section.4}% 9
\BOOKMARK [3][-]{subsubsection.4.1.1}{\376\377\000L\000a\000g\000\040\000L\000o\000a\000d\000i\000n\000g\000s\000\040\000a\000n\000d\000\040\000S\000m\000o\000o\000t\000h\000n\000e\000s\000s}{subsection.4.1}% 10
\BOOKMARK [3][-]{subsubsection.4.1.2}{\376\377\000S\000D\000F\000\040\000W\000e\000i\000g\000h\000t\000s\000\040\000a\000s\000\040\000a\000\040\000F\000u\000n\000c\000t\000i\000o\000n\000\040\000o\000f\000\040\000H\000o\000r\000i\000z\000o\000n}{subsection.4.1}% 11
\BOOKMARK [2][-]{subsection.4.2}{\376\377\000T\000h\000e\000\040\000F\000u\000l\000l\000\040\000T\000e\000n\000s\000o\000r\000\040\000F\000a\000c\000t\000o\000r\000\040\000M\000o\000d\000e\000l}{section.4}% 12
\BOOKMARK [3][-]{subsubsection.4.2.1}{\376\377\000L\000a\000g\000\040\000L\000o\000a\000d\000i\000n\000g\000s}{subsection.4.2}% 13
\BOOKMARK [3][-]{subsubsection.4.2.2}{\376\377\000S\000D\000F\000\040\000W\000e\000i\000g\000h\000t\000s\000\040\000a\000s\000\040\000a\000\040\000F\000u\000n\000c\000t\000i\000o\000n\000\040\000o\000f\000\040\000H\000o\000r\000i\000z\000o\000n}{subsection.4.2}% 14
\BOOKMARK [1][-]{section.5}{\376\377\000D\000a\000t\000a}{}% 15
\BOOKMARK [1][-]{section.6}{\376\377\000E\000m\000p\000i\000r\000i\000c\000a\000l\000\040\000F\000i\000n\000d\000i\000n\000g\000s}{}% 16
\BOOKMARK [2][-]{subsection.6.1}{\376\377\000V\000a\000r\000i\000a\000n\000t\000\040\000M\000o\000d\000e\000l\000s\000\040\000o\000n\000\040\000t\000h\000e\000\040\000T\000e\000n\000s\000o\000r\000\040\000F\000r\000a\000m\000e\000w\000o\000r\000k}{section.6}% 17
\BOOKMARK [2][-]{subsection.6.2}{\376\377\000M\000o\000d\000e\000l\000\040\000P\000e\000r\000f\000o\000r\000m\000a\000n\000c\000e}{section.6}% 18
\BOOKMARK [1][-]{section.7}{\376\377\000C\000o\000n\000c\000l\000u\000s\000i\000o\000n}{}% 19
\BOOKMARK [1][-]{section.8}{\376\377\000A\000p\000p\000e\000n\000d\000i\000x\000\040\000A}{}% 20
